<?xml version="1.0" encoding="UTF-8"?>
<!-- Generated by org.testng.reporters.JUnitReportReporter -->
<testsuite skipped="1" hostname="L098861" name="yahoo.YahooClass" tests="1" failures="0" timestamp="17 Sep 2019 17:30:16 GMT" time="0.000" errors="0">
  <testcase name="atTest" time="0.000" classname="yahoo.YahooClass">
    <skipped/>
  </testcase> <!-- atTest -->
</testsuite> <!-- yahoo.YahooClass -->
