<?xml version="1.0" encoding="UTF-8"?>
<!-- Generated by org.testng.reporters.JUnitReportReporter -->
<testsuite hostname="Ayazs-MacBook-Air.local" failures="0" tests="1" name="google.googleClass" time="2.779" errors="0" timestamp="2022-04-15T21:52:15 GMT-07:00" skipped="0">
  <testcase classname="google.googleClass" name="atTest" time="2.779"/>
  <system-out/>
</testsuite> <!-- google.googleClass -->
