<?xml version="1.0" encoding="UTF-8"?>
<!-- Generated by org.testng.reporters.JUnitReportReporter -->
<testsuite hostname="Ayazs-MacBook-Air.local" failures="0" tests="1" name="yahoo.Yahoo" time="1.779" errors="0" timestamp="2022-06-16T06:50:26 IST" skipped="0">
  <testcase classname="yahoo.Yahoo" name="atTest" time="1.779"/>
  <system-out/>
</testsuite> <!-- yahoo.Yahoo -->
