<?xml version="1.0" encoding="UTF-8"?>
<!-- Generated by org.testng.reporters.JUnitReportReporter -->
<testsuite hostname="Ayazs-MacBook-Air.local" failures="0" tests="1" name="google.Google" time="8.734" errors="0" timestamp="2022-06-16T06:50:26 IST" skipped="0">
  <testcase classname="google.Google" name="atTest" time="8.734"/>
  <system-out/>
</testsuite> <!-- google.Google -->
