<?xml version="1.0" encoding="UTF-8"?>
<!-- Generated by org.testng.reporters.JUnitReportReporter -->
<testsuite hostname="Ayazs-MacBook-Air.local" failures="0" tests="1" name="practice.ParaBank" time="6.287" errors="0" timestamp="2022-06-03T07:42:32 IST" skipped="0">
  <testcase classname="practice.ParaBank" name="atTest" time="6.287"/>
  <system-out/>
</testsuite> <!-- practice.ParaBank -->
