<?xml version="1.0" encoding="UTF-8"?>
<!-- Generated by org.testng.reporters.JUnitReportReporter -->
<testsuite hostname="Ayazs-MacBook-Air.local" failures="0" tests="1" name="practice.MyFirstTest" time="4.377" errors="0" timestamp="2022-06-03T07:34:07 IST" skipped="0">
  <testcase classname="practice.MyFirstTest" name="atTest" time="4.377"/>
  <system-out/>
</testsuite> <!-- practice.MyFirstTest -->
